<?xml version="1.0" encoding="UTF-8"?>
<testng-results ignored="2" total="4" passed="2" failed="0" skipped="0">
  <reporter-output>
  </reporter-output>
  <suite started-at="2024-05-17T18:30:15 IST" name="Default suite" finished-at="2024-05-17T18:30:24 IST" duration-ms="9387">
    <groups>
    </groups>
    <test started-at="2024-05-17T18:30:15 IST" name="Default test" finished-at="2024-05-17T18:30:24 IST" duration-ms="9387">
      <class name="com.sevenmartsupermarket.tests.AdminUserTest">
        <test-method is-config="true" signature="launchBrowser()[pri:0, instance:com.sevenmartsupermarket.tests.AdminUserTest@662ac478]" started-at="2024-05-17T18:30:15 IST" name="launchBrowser" finished-at="2024-05-17T18:30:17 IST" duration-ms="2946" status="PASS">
          <reporter-output>
          </reporter-output>
        </test-method> <!-- launchBrowser -->
        <test-method signature="searchUser(java.lang.String,java.lang.String)[pri:0, instance:com.sevenmartsupermarket.tests.AdminUserTest@662ac478]" started-at="2024-05-17T18:30:17 IST" name="searchUser" data-provider="SearchData" finished-at="2024-05-17T18:30:19 IST" duration-ms="1744" status="PASS">
          <params>
            <param index="0">
              <value>
                <![CDATA[raj]]>
              </value>
            </param>
            <param index="1">
              <value>
                <![CDATA[db]]>
              </value>
            </param>
          </params>
          <reporter-output>
          </reporter-output>
        </test-method> <!-- searchUser -->
        <test-method is-config="true" signature="launchBrowser()[pri:0, instance:com.sevenmartsupermarket.tests.AdminUserTest@662ac478]" started-at="2024-05-17T18:30:19 IST" name="launchBrowser" finished-at="2024-05-17T18:30:22 IST" duration-ms="3065" status="PASS">
          <reporter-output>
          </reporter-output>
        </test-method> <!-- launchBrowser -->
        <test-method signature="searchUser(java.lang.String,java.lang.String)[pri:0, instance:com.sevenmartsupermarket.tests.AdminUserTest@662ac478]" started-at="2024-05-17T18:30:22 IST" name="searchUser" data-provider="SearchData" finished-at="2024-05-17T18:30:24 IST" duration-ms="1581" status="PASS">
          <params>
            <param index="0">
              <value>
                <![CDATA[tomy]]>
              </value>
            </param>
            <param index="1">
              <value>
                <![CDATA[admin]]>
              </value>
            </param>
          </params>
          <reporter-output>
          </reporter-output>
        </test-method> <!-- searchUser -->
      </class> <!-- com.sevenmartsupermarket.tests.AdminUserTest -->
    </test> <!-- Default test -->
  </suite> <!-- Default suite -->
</testng-results>
