<?xml version="1.0" encoding="UTF-8"?>
<!-- Generated by org.testng.reporters.JUnitXMLReporter -->
<testsuite ignored="2" hostname="DESKTOP-8KSI4B1" failures="0" tests="2" name="Default test" time="9.387" errors="0" timestamp="2024-05-17T18:30:24 IST">
  <testcase classname="com.sevenmartsupermarket.tests.AdminUserTest" name="searchUser" time="1.744"/>
  <testcase classname="com.sevenmartsupermarket.tests.AdminUserTest" name="searchUser" time="1.581"/>
  <testcase classname="com.sevenmartsupermarket.tests.AdminUserTest" name="adminUserClick" time="0.0">
    <ignored/>
  </testcase> <!-- adminUserClick -->
  <testcase classname="com.sevenmartsupermarket.tests.AdminUserTest" name="addNewUser" time="0.0">
    <ignored/>
  </testcase> <!-- addNewUser -->
</testsuite> <!-- Default test -->
